KAL718 300
SQ12 330
LH1041 300
UAE9219 330
BAW114 330
EVA6090 330
EK226 340
