TRACK_TIME 1121238067
TRACK EK226 WB 373626.823 -1222249.0758 0 0.13 28
    FP_ROUTE {"ap_code": "KSFO", "ap_name": "San Francisco International Airport", "lat": "373715.186", "lon": "-1222249.2918", "alt": 13.0}.<>.RW<>.<{"wp_name": "Waypoint 1", "lat": "373626.823", "lon": "-1222249.0758", "alt": 13, "phase": "TAKEOFF"}, {"wp_name": "Waypoint 2", "lat": "373930.51", "lon": "-1222050.571", "alt": 1500, "phase": "CLIMBOUT"}, {"wp_name": "Waypoint 3", "lat": "374313.9254", "lon": "-1221854.5502", "alt": 5000, "phase": "CLIMBOUT"}, {"wp_name": "Waypoint 4", "lat": "375149.5108", "lon": "-1222217.5866", "alt": 9000, "phase": "CLIMBOUT"}, {"wp_name": "Waypoint 5", "lat": "380255.053", "lon": "-1222400.8274", "alt": 9000, "phase": "CLIMBOUT"}, {"wp_name": "Waypoint 6", "lat": "381843.2066", "lon": "-1222513.2882", "alt": 16000, "phase": "CLIMB_TO_CRUISE_ALTITUDE"}, {"wp_name": "Waypoint 7", "lat": "394408.916", "lon": "-1222921.696", "alt": 25000, "phase": "CLIMB_TO_CRUISE_ALTITUDE"}, {"wp_name": "Waypoint 8", "lat": "545234.3128", "lon": "-1172835.6808", "alt": 34000, "phase": "CRUISE"}, {"wp_name": "Waypoint 9", "lat": "703809.3048", "lon": "-985622.6716", "alt": 34000, "phase": "CRUISE"}, {"wp_name": "Waypoint 10", "lat": "782205.9196", "lon": "-721526.4744", "alt": 34000, "phase": "CRUISE"}, {"wp_name": "Waypoint 11", "lat": "782204.5186", "lon": "-204606.711", "alt": 34000, "phase": "CRUISE"}, {"wp_name": "Waypoint 12", "lat": "695229.3766", "lon": "244820.5272", "alt": 34000, "phase": "CRUISE"}, {"wp_name": "Waypoint 13", "lat": "552439.1458", "lon": "393225.407", "alt": 34000, "phase": "CRUISE"}, {"wp_name": "Waypoint 14", "lat": "424629.0886", "lon": "470928.1016", "alt": 34000, "phase": "CRUISE"}, {"wp_name": "Waypoint 15", "lat": "351008.3166", "lon": "504956.2296", "alt": 34000, "phase": "CRUISE"}, {"wp_name": "Waypoint 16", "lat": "281354.8076", "lon": "534327.426", "alt": 23000, "phase": "INITIAL_DESCENT"}, {"wp_name": "Waypoint 17", "lat": "265124.4188", "lon": "542549.1082", "alt": 14000, "phase": "APPROACH"}, {"wp_name": "Waypoint 18", "lat": "263224.9", "lon": "543438.0994", "alt": 9500, "phase": "APPROACH"}, {"wp_name": "Waypoint 19", "lat": "260217.0946", "lon": "544811.7426", "alt": 5500, "phase": "FINAL_APPROACH"}, {"wp_name": "Waypoint 20", "lat": "251902.37", "lon": "551453.9514", "alt": 3000, "phase": "FINAL_APPROACH"}, {"wp_name": "Waypoint 21", "lat": "251643.4742", "lon": "551858.086", "alt": 1500, "phase": "FINAL_APPROACH"}, {"wp_name": "Waypoint 22", "lat": "251509.7266", "lon": "552152.6566", "alt": 62.0, "phase": "FINAL_APPROACH"}>.RW<>.<>.{"ap_code": "OMDB", "ap_name": "Dubai International Airport", "lat": "251523.3064", "lon": "552149.8564", "alt": 62.0}
