TRACK_TIME 1121238067
TRACK KAL718 WB 372700.29 1262724.01 150 0.22 28
    FP_ROUTE {"ap_code": "RKSI", "ap_name": "Incheon International Airport", "lat": "372700.29", "lon": "1262724.01", "alt": 22.97}.<{"type": "gate", "lat": "372700.29", "lon": "1262724.01"},{"type": "taxiway", "lat": "372658.6", "lon": "1262728.33"},{"type": "taxiway", "lat": "372704.21", "lon": "1262738.52"},{"type": "taxiway", "lat": "372706.62", "lon": "1262736.86"},{"type": "taxiway", "lat": "372709.4", "lon": "1262734.52"},{"type": "runway", "lat": "372712.02", "lon": "1262732.4"}>.RW<{"lat": "372715.91", "lon": "1262738.3"}, {"lat": "372732.72", "lon": "1262723.44"}>.<{"wp_name": "Waypoint 1", "lat": "372752.31", "lon": "1262705.98", "alt": 22.97, "phase": "TAKEOFF"},{"wp_name": "Waypoint 2", "lat": "372804.58", "lon": "1262654.85", "alt": 700, "phase": "CLIMBOUT"},{"wp_name": "Waypoint 3", "lat": "373307.2", "lon": "1262248.0", "alt": 2500, "phase": "CLIMBOUT"},{"wp_name": "Waypoint 4", "lat": "373444.4", "lon": "1261612.0", "alt": 5500, "phase": "CLIMBOUT"},{"wp_name": "Waypoint 5", "lat": "372642.0", "lon": "1260900.0", "alt": 8500, "phase": "CLIMBOUT"},{"wp_name": "Waypoint 6", "lat": "371919.2", "lon": "1261536.0", "alt": 16000, "phase": "CLIMB_TO_CRUISE_ALTITUDE"},{"wp_name": "Waypoint 7", "lat": "371807.2", "lon": "1262548.0", "alt": 19000, "phase": "CLIMB_TO_CRUISE_ALTITUDE"},{"wp_name": "Waypoint 8", "lat": "370238.4", "lon": "1263036.0", "alt": 23000, "phase": "CLIMB_TO_CRUISE_ALTITUDE"},{"wp_name": "Waypoint 9", "lat": "365208.4", "lon": "1263412.0", "alt": 30000, "phase": "CRUISE"},{"wp_name": "Waypoint 10", "lat": "334352.18", "lon": "1324231.38", "alt": 30000, "phase": "CRUISE"},{"wp_name": "Waypoint 11", "lat": "342046.98", "lon": "1404758.1", "alt": 30000, "phase": "CRUISE"},{"wp_name": "Waypoint 12", "lat": "343929.88", "lon": "1403159.88", "alt": 24000, "phase": "INITIAL_DESCENT"},{"wp_name": "Waypoint 13", "lat": "345329.76", "lon": "1401417.88", "alt": 17000, "phase": "APPROACH"},{"wp_name": "Waypoint 14", "lat": "351205.76", "lon": "1400105.88", "alt": 8000, "phase": "APPROACH"},{"wp_name": "Waypoint 15", "lat": "351523.76", "lon": "1395859.88", "alt": 6000, "phase": "FINAL_APPROACH"},{"wp_name": "Waypoint 16", "lat": "353045.59", "lon": "1394832.44", "alt": 1000, "phase": "FINAL_APPROACH"}>.RW<{"lat": "353226.05", "lon": "1394658.22"}, {"lat": "353228.86", "lon": "1394656.1"}>.<{"type": "runway", "lat": "353241.1", "lon": "1394647.5"}, {"type": "taxiway", "lat": "353243.26", "lon": "1394651.82"},{"type": "taxiway", "lat": "353244.41", "lon": "1394654.37"}, {"type": "taxiway", "lat": "353246.0", "lon": "1394657.83"},{"type": "taxiway", "lat": "353246.57", "lon": "1394659.09"},{"type": "gate", "lat": "353248.16", "lon": "1394704.81"}>.{"ap_code": "RJTT", "ap_name": "Tokyo Haneda International Airport", "lat": "353248.16", "lon": "1394704.81", "alt": 36}

TRACK_TIME 1121238067
TRACK SQ12 WB 12127.2484 1035936.2868 150 0.22 28
    FP_ROUTE {"ap_code": "WSSS", "ap_name": "Singapore Changi Airport", "lat": "11945.696", "lon": "1035906.813", "alt": 22.0}.<{"type": "gate", "lat": "12127.2484", "lon": "1035936.2868"}, {"type": "ramp", "lat": "12129.6922", "lon": "1035934.695"}, {"type": "taxiway", "lat": "12131.5966", "lon": "1035933.6984"}, {"type": "taxiway", "lat": "12145.4782", "lon": "1035939.4728"}, {"type": "taxiway", "lat": "12148.3984", "lon": "1035943.0434"}, {"type": "runway", "lat": "12142.7752", "lon": "1035956.2122"}>.RW<{"lat": "12142.7752", "lon": "1035956.2122"}, {"lat": "11944.223", "lon": "1035906.2082"}>.<{"wp_name": "Waypoint 1", "lat": "11945.696", "lon": "1035906.813", "alt": 22, "phase": "TAKEOFF"}, {"wp_name": "Waypoint 2", "lat": "11608.0646", "lon": "1035734.0662", "alt": 1000, "phase": "CLIMBOUT"}, {"wp_name": "Waypoint 3", "lat": "11420.241", "lon": "1035907.3782", "alt": 2500, "phase": "CLIMBOUT"}, {"wp_name": "Waypoint 4", "lat": "11617.508", "lon": "1041035.4138", "alt": 5500, "phase": "CLIMBOUT"}, {"wp_name": "Waypoint 5", "lat": "12627.945", "lon": "1044456.2194", "alt": 8500, "phase": "CLIMBOUT"}, {"wp_name": "Waypoint 6", "lat": "30319.317", "lon": "1072333.252", "alt": 23000, "phase": "CLIMB_TO_CRUISE_ALTITUDE"}, {"wp_name": "Waypoint 7", "lat": "63527.4014", "lon": "1122013.1094", "alt": 33000, "phase": "CRUISE"}, {"wp_name": "Waypoint 8", "lat": "132407.3758", "lon": "1200532.2182", "alt": 33000, "phase": "CRUISE"}, {"wp_name": "Waypoint 9", "lat": "225233.9378", "lon": "1291324.8586", "alt": 33000, "phase": "CRUISE"}, {"wp_name": "Waypoint 10", "lat": "331540.1538", "lon": "1365831.8828", "alt": 20000, "phase": "INITIAL_DESCENT"}, {"wp_name": "Waypoint 11", "lat": "333245.2724", "lon": "1381556.8476", "alt": 12000, "phase": "APPROACH"}, {"wp_name": "Waypoint 12", "lat": "350743.3596", "lon": "1402830.8094", "alt": 8500, "phase": "APPROACH"}, {"wp_name": "Waypoint 13", "lat": "352622.3974", "lon": "1403704.1154", "alt": 4500, "phase": "FINAL_APPROACH"}, {"wp_name": "Waypoint 14", "lat": "353622.1796", "lon": "1402930.5628", "alt": 2500, "phase": "FINAL_APPROACH"}, {"wp_name": "Waypoint 15", "lat": "354203.7116", "lon": "1402516.7448", "alt": 1000, "phase": "FINAL_APPROACH"}, {"wp_name": "Waypoint 16", "lat": "354438.9652", "lon": "1402324.471", "alt": 135, "phase": "FINAL_APPROACH"}>.RW<{"lat": "354436.4878", "lon": "1402326.25"}, {"lat": "354627.1596", "lon": "1402206.2724"}>.<{"type": "runway", "lat": "354618.1662", "lon": "1402212.81"}, {"type": "taxiway", "lat": "354623.1348", "lon": "1402212.882"}, {"type": "taxiway", "lat": "354624.2184", "lon": "1402215.1458"}, {"type": "taxiway", "lat": "354623.325", "lon": "1402218.2958"}, {"type": "taxiway", "lat": "354555.7028", "lon": "1402238.2548"}, {"type": "ramp", "lat": "354600.9654", "lon": "1402248.8748"}, {"type": "ramp", "lat": "354605.9628", "lon": "1402259.6274"}, {"type": "gate", "lat": "354603.0648", "lon": "1402302.0178"}>.{"ap_code": "RJAA", "ap_name": "Narita International Airport", "lat": "354438.9652", "lon": "1402324.471", "alt": 135}

TRACK_TIME 1121238067
TRACK LH1041 WB 490008.01 0023408.4 150 0.22 28
    FP_ROUTE {"ap_code": "LFPG", "ap_name": "Charles De Gaulle International Airport", "lat": "490008.01", "lon": "0023408.4", "alt": 22.0}.<{"type": "gate", "lat": "490008.01", "lon": "0023408.4"}, {"type": "taxiway", "lat": "490004.64", "lon": "0023408.481"}, {"type": "taxiway", "lat": "485957.88", "lon": "0023412.0"},{"type": "taxiway", "lat": "485957.08", "lon": "0023357.17"}, {"type": "taxiway", "lat": "485953.23", "lon": "0023345.79"},{"type": "taxiway", "lat": "485952.76", "lon": "0023336.79"},{"type": "taxiway", "lat": "485951.61", "lon": "0023328.98"},{"type": "taxiway", "lat": "485950.53", "lon": "0023316.52"},{"type": "taxiway", "lat": "485948.08", "lon": "0023316.13"},{"type": "runway", "lat": "485945.02", "lon": "0023320.27"}>.RW<{"lat": "485948.8", "lon": "0023412.0565"}, {"lat": "485949.67", "lon": "0023412.0957"}>.<{"wp_name": "Waypoint 1", "lat": "485951.0", "lon": "0023511.08", "alt": 390, "phase": "TAKEOFF"},{"wp_name": "Waypoint 2", "lat": "490025.2", "lon": "0024609.12", "alt": 4000, "phase": "CLIMBOUT"}, {"wp_name": "Waypoint 3", "lat": "490054.0", "lon": "0025600.6", "alt": 10000, "phase": "CLIMBOUT"}, {"wp_name": "Waypoint 4", "lat": "490603.6", "lon": "0034134.44", "alt": 25000, "phase": "CLIMB_TO_CRUISE_ALTITUDE"}, {"wp_name": "Waypoint 5", "lat": "490813.2", "lon": "0040243.08", "alt": 30000, "phase": "CRUISE"},{"wp_name": "Waypoint 8", "lat": "500005.76", "lon": "0080305.76", "alt": 20000, "phase": "INITIAL_DESCENT"}, {"wp_name": "Waypoint 9", "lat": "495517.76", "lon": "0090224.0", "alt": 8000, "phase": "APPROACH"}, {"wp_name": "Waypoint 10", "lat": "500607.68", "lon": "0085218.38", "alt": 4000, "phase": "FINAL_APPROACH"},{"wp_name": "Waypoint 11", "lat": "500253.34", "lon": "0083718.6", "alt": 1000, "phase": "FINAL_APPROACH"}>.RW<{"lat": "500218.35", "lon": "0083447.06"}, {"lat": "500211.9", "lon": "0083420.06"}>.<{"type": "runway", "lat": "500203.05", "lon": "0083342.95"}, {"type": "taxiway", "lat": "500205.96", "lon": "0083318.14"}, {"type": "runway", "lat": "500215.54", "lon": "0083320.41"}, {"type": "taxiway", "lat": "500221.66", "lon": "0083316.78"}, {"type": "taxiway", "lat": "500226.48", "lon": "0083337.44"}, {"type": "taxiway", "lat": "500234.04", "lon": "0083339.6"}, {"type": "taxiway", "lat": "500238.18", "lon": "0083336.94"}, {"type": "ramp", "lat": "500240.63", "lon": "0083339.66"}, {"type": "gate", "lat": "500238.26", "lon": "0083344.21"}>.{"ap_code": "EDDF", "ap_name": "Frankfurt am Main Airport", "lat": "500238.26", "lon": "0083344.21", "alt": 364}

TRACK_TIME 1121238067
TRACK UAE9219 WB 283258.2 0770520.94 150 0.22 28
    FP_ROUTE {"ap_code": "VIDP", "ap_name": "Indira Gandhi International Airport", "lat": "283258.2", "lon": "0770520.94", "alt": 22.0}.<{"type": "gate", "lat": "283258.2", "lon": "0770520.94"}, {"type": "taxiway", "lat": "283256.18", "lon": "0770516.26"}, {"type": "taxiway", "lat": "283240.7", "lon": "0770621.28"}, {"type": "taxiway", "lat": "283225.69", "lon": "0770617.46"}, {"type": "taxiway", "lat": "283222.02", "lon": "0770634.85"}, {"type": "runway", "lat": "283215.97", "lon": "0770633.62"}>.RW<{"lat": "283225.62", "lon": "0770548.34"}, {"lat": "283228.86", "lon": "0770533.43"}>.<{"wp_name": "Waypoint 1", "lat": "283231.42", "lon": "0770521.48", "alt": 778.0, "phase": "TAKEOFF"}, {"wp_name": "Waypoint 2", "lat": "283307.2", "lon": "0770245.6", "alt": 1000, "phase": "CLIMBOUT"}, {"wp_name": "Waypoint 3", "lat": "283148.0", "lon": "0765544.4", "alt": 4000, "phase": "CLIMBOUT"}, {"wp_name": "Waypoint 4", "lat": "283043.2", "lon": "0765219.2", "alt": 5500, "phase": "CLIMBOUT"}, {"wp_name": "Waypoint 5", "lat": "282650.05", "lon": "0764327.12", "alt": 12000, "phase": "CLIMBOUT"}, {"wp_name": "Waypoint 6", "lat": "281849.08", "lon": "0762016.57", "alt": 23000, "phase": "CLIMB_TO_CRUISE_ALTITUDE"}, {"wp_name": "Waypoint 7", "lat": "275854.08", "lon": "0711000.9", "alt": 33000, "phase": "CRUISE"}, {"wp_name": "Waypoint 9", "lat": "264729.82", "lon": "0591408.74", "alt": 33000, "phase": "CRUISE"}, {"wp_name": "Waypoint 10", "lat": "265931.13", "lon": "0554204.57", "alt": 20000, "phase": "INITIAL_DESCENT"}, {"wp_name": "Waypoint 11", "lat": "253054.0", "lon": "0544653.76", "alt": 10000, "phase": "APPROACH"}, {"wp_name": "Waypoint 12", "lat": "252053.88", "lon": "0545353.88", "alt": 8500, "phase": "APPROACH"}, {"wp_name": "Waypoint 13", "lat": "251847.88", "lon": "0545741.76", "alt": 4500, "phase": "APPROACH"}, {"wp_name": "Waypoint 14", "lat": "251605.88", "lon": "0550224.0", "alt": 3000, "phase": "APPROACH"}, {"wp_name": "Waypoint 15", "lat": "251953.76", "lon": "0550459.88", "alt": 2500, "phase": "APPROACH"}, {"wp_name": "Waypoint 16", "lat": "252235.76", "lon": "0550018.0", "alt": 2000, "phase": "APPROACH"}, {"wp_name": "Waypoint 17", "lat": "252812.0", "lon": "0545848.0", "alt": 2000, "phase": "FINAL_APPROACH"}, {"wp_name": "Waypoint 18", "lat": "252606.0", "lon": "0550224.033", "alt": 1000, "phase": "FINAL_APPROACH"}, {"wp_name": "Waypoint 19", "lat": "252400.0", "lon": "0550623.76", "alt": 1000, "phase": "FINAL_APPROACH"},{"wp_name": "Waypoint 20", "lat": "251727.74", "lon": "0551757.06", "alt": 800, "phase": "FINAL_APPROACH"}>.RW<{"lat": "251539.78", "lon": "0552124.59"}, {"lat": "251532.94", "lon": "0552137.22"}>.<{"type": "runway", "lat": "251529.56", "lon": "0552143.27"}, {"type": "taxiway", "lat": "251524.26", "lon": "0552139.74"}, {"type": "runway", "lat": "251518.83", "lon": "0552136.11"}, {"type": "taxiway", "lat": "251511.81", "lon": "0552131.39"}, {"type": "taxiway", "lat": "251504.68", "lon": "0552144.1"}, {"type": "taxiway", "lat": "251501.48", "lon": "0552143.13"}, {"type": "gate", "lat": "251457.95", "lon": "0552140.82"}>.{"ap_code": "OMDB", "ap_name": "Dubai International Airport", "lat": "251457.95", "lon": "0552140.82", "alt": 62}

TRACK_TIME 1121238067
TRACK BAW114 WB 403808.95 -741308.08 150 0.22 28
    FP_ROUTE {"ap_code": "KJFK", "ap_name": "John F. Kennedy International Airport", "lat": "403808.95", "lon": "-741308.08", "alt": 22.0}.<{"type": "gate", "lat": "403808.95", "lon": "-741308.08"}, {"type": "ramp", "lat": "403808.59", "lon": "-741302.68"}, {"type": "taxiway", "lat": "403806.9", "lon": "-741301.42"}, {"type": "taxiway", "lat": "403829.83", "lon": "-741211.2"}, {"type": "taxiway", "lat": "403835.38", "lon": "-741202.63"}, {"type": "taxiway", "lat": "403901.04", "lon": "-741106.0"},{"type": "runway", "lat": "403853.88", "lon": "-741100.46"}>.RW<{"lat": "403843.76", "lon": "-741122.7"}, {"lat": "403825.51", "lon": "-741203.02"}>.<{"wp_name": "Waypoint 1", "lat": "403815.0", "lon": "-741226.14", "alt": 22, "phase": "TAKEOFF"}, {"wp_name": "Waypoint 2", "lat": "403751.82", "lon": "-741317.29", "alt": 700, "phase": "CLIMBOUT"}, {"wp_name": "Waypoint 3", "lat": "403710.81", "lon": "-741508.53", "alt": 2500, "phase": "CLIMBOUT"}, {"wp_name": "Waypoint 4", "lat": "403713.15", "lon": "-741813.14", "alt": 5500, "phase": "CLIMBOUT"}, {"wp_name": "Waypoint 5", "lat": "403858.99", "lon": "-742625.98", "alt": 8500, "phase": "CLIMBOUT"}, {"wp_name": "Waypoint 6", "lat": "404459.24", "lon": "-74549.97", "alt": 23000, "phase": "CLIMB_TO_CRUISE_ALTITUDE"}, {"wp_name": "Waypoint 7", "lat": "410033.77", "lon": "-72044.6", "alt": 33000, "phase": "CRUISE"}, {"wp_name": "Waypoint 8", "lat": "432657.8", "lon": "-645342.9", "alt": 33000, "phase": "CRUISE"}, {"wp_name": "Waypoint 9", "lat": "484628.96", "lon": "-522424.19", "alt": 33000, "phase": "CRUISE"}, {"wp_name": "Waypoint 10", "lat": "484628.96", "lon": "-522424.19", "alt": 33000, "phase": "CRUISE"},{"wp_name": "Waypoint 11", "lat": "541006.24", "lon": "-375550.81", "alt": 33000, "phase": "CRUISE"}, {"wp_name": "Waypoint 12", "lat": "533246.9", "lon": "-17160.19", "alt": 33000, "phase": "CRUISE"}, {"wp_name": "Waypoint 13", "lat": "515238.5", "lon": "-93157.22", "alt": 33000, "phase": "CRUISE"}, {"wp_name": "Waypoint 14", "lat": "514854.11", "lon": "0115.6", "alt": 33000, "phase": "CRUISE"}, {"wp_name": "Waypoint 15", "lat": "514711.26", "lon": "05755.69", "alt": 30000, "phase": "INITIAL_DESCENT"}, {"wp_name": "Waypoint 16", "lat": "513229.76", "lon": "1811.76", "alt": 20000, "phase": "APPROACH"}, {"wp_name": "Waypoint 17", "lat": "512700.0", "lon": "05530.0", "alt": 12000, "phase": "APPROACH"},{"wp_name": "Waypoint 18", "lat": "511811.88", "lon": "03547.76", "alt": 12000, "phase": "APPROACH"},{"wp_name": "Waypoint 19", "lat": "511948.0", "lon": "026.0", "alt": 6000, "phase": "APPROACH"},{"wp_name": "Waypoint 20", "lat": "512844.17", "lon": "-15449.34", "alt": 4000, "phase": "FINAL_APPROACH"},{"wp_name": "Waypoint 21", "lat": "512848.08", "lon": "-1457.81", "alt": 2000, "phase": "FINAL_APPROACH"},{"wp_name": "Waypoint 22", "lat": "512842.64", "lon": "-1370.34", "alt": 1000, "phase": "FINAL_APPROACH"}>.RW<{"lat": "512839.57", "lon": "-13328.66"}, {"lat": "512839.5", "lon": "-1338.06"}>.<{"type": "runway", "lat": "512839.43", "lon": "-13253.84"}, {"type": "taxiway", "lat": "512833.51", "lon": "-13253.72"}, {"type": "taxiway", "lat": "512830.34", "lon": "-13253.77"}, {"type": "taxiway", "lat": "512830.54", "lon": "-13217.84"}, {"type": "taxiway", "lat": "512829.82", "lon": "-13156.75"}, {"type": "taxiway", "lat": "512824.53", "lon": "-13157.83"}, {"type": "gate", "lat": "512823.45", "lon": "-1324.34"}>.{"ap_code": "EGLL", "ap_name": "London Heathrow International Airport", "lat": "512823.45", "lon": "-1324.34", "alt": 82}

TRACK_TIME 1121238067
TRACK EVA6090 WB 221846.44 1135457.6 150 0.22 28
    FP_ROUTE {"ap_code": "VHHH", "ap_name": "Hong Kong International Airport", "lat": "221846.44", "lon": "1135457.6", "alt": 22.0}.<{"type": "gate", "lat": "221846.44", "lon": "1135457.6"},{"type": "ramp", "lat": "221845.04", "lon": "1135453.28"},{"type": "taxiway", "lat": "221848.42", "lon": "1135452.02"},{"type": "taxiway", "lat": "221847.41", "lon": "1135448.74"},{"type": "taxiway", "lat": "221843.45", "lon": "1135436.5"},{"type": "taxiway", "lat": "221837.73", "lon": "1135418.86"},{"type": "taxiway", "lat": "221836.4", "lon": "1135414.69"},{"type": "taxiway", "lat": "221832.22", "lon": "1135401.55"},{"type": "taxiway", "lat": "221829.88", "lon": "1135354.49"},{"type": "taxiway", "lat": "221829.2", "lon": "1135350.96"},{"type": "runway", "lat": "221831.86", "lon": "1135349.52"}>.RW<{"lat": "221837.76", "lon": "1135347.87"}, {"lat": "221855.76", "lon": "1135443.85"}>.<{"wp_name": "Waypoint 1", "lat": "221859.33", "lon": "1135454.79", "alt": 22.0, "phase": "TAKEOFF"},{"wp_name": "Waypoint 2", "lat": "221913.58", "lon": "1135539.11", "alt": 700, "phase": "CLIMBOUT"},{"wp_name": "Waypoint 8", "lat": "223249.2", "lon": "1147408.0", "alt": 33000, "phase": "CRUISE"},{"wp_name": "Waypoint 16", "lat": "252911.76", "lon": "1213430.0", "alt": 23000, "phase": "INITIAL_DESCENT"},{"wp_name": "Waypoint 17", "lat": "252400.0", "lon": "1212747.88", "alt": 19000, "phase": "APPROACH"},{"wp_name": "Waypoint 18", "lat": "250659.76", "lon": "1210605.76", "alt": 10000, "phase": "APPROACH"},{"wp_name": "Waypoint 19", "lat": "250141.88", "lon": "1205929.76", "alt": 8000, "phase": "APPROACH"},{"wp_name": "Waypoint 20", "lat": "245823.88", "lon": "1205517.76", "alt": 6000, "phase": "APPROACH"},{"wp_name": "Waypoint 21", "lat": "245505.88", "lon": "1205111.88", "alt": 4000, "phase": "FINAL_APPROACH"},{"wp_name": "Waypoint 22", "lat": "245230.6", "lon": "1205502.09", "alt": 3000, "phase": "FINAL_APPROACH"},{"wp_name": "Waypoint 22", "lat": "240314.03", "lon": "1211132.89", "alt": 1000, "phase": "FINAL_APPROACH"}>.RW<{"lat": "250437.09", "lon": "1211316.21"}, {"lat": "250453.72", "lon": "1211337.42"}>.<{"type": "runway", "lat": "250501.75", "lon": "1211347.42"}, {"type": "taxiway", "lat": "250503.91", "lon": "1211354.7"},{"type": "taxiway", "lat": "250505.17", "lon": "1211403.59"}, {"type": "taxiway", "lat": "250506.47", "lon": "1211411.33"},{"type": "gate", "lat": "250501.93", "lon": "1211414.46"}>.{"ap_code": "RCTP", "ap_name": "Taiwan Taoyuan International Airport", "lat": "250501.93", "lon": "1211414.46", "alt": 108}

TRACK_TIME 1121238067
TRACK EK226 WB 373626.823 -1222249.0758 0 0.13 28
    FP_ROUTE {"ap_code": "KSFO", "ap_name": "San Francisco International Airport", "lat": "373715.186", "lon": "-1222249.2918", "alt": 13.0}.<>.RW<>.<{"wp_name": "Waypoint 1", "lat": "373626.823", "lon": "-1222249.0758", "alt": 13, "phase": "TAKEOFF"}, {"wp_name": "Waypoint 2", "lat": "373930.51", "lon": "-1222050.571", "alt": 1500, "phase": "CLIMBOUT"}, {"wp_name": "Waypoint 3", "lat": "374313.9254", "lon": "-1221854.5502", "alt": 5000, "phase": "CLIMBOUT"}, {"wp_name": "Waypoint 4", "lat": "375149.5108", "lon": "-1222217.5866", "alt": 9000, "phase": "CLIMBOUT"}, {"wp_name": "Waypoint 5", "lat": "380255.053", "lon": "-1222400.8274", "alt": 9000, "phase": "CLIMBOUT"}, {"wp_name": "Waypoint 6", "lat": "381843.2066", "lon": "-1222513.2882", "alt": 16000, "phase": "CLIMB_TO_CRUISE_ALTITUDE"}, {"wp_name": "Waypoint 7", "lat": "394408.916", "lon": "-1222921.696", "alt": 25000, "phase": "CLIMB_TO_CRUISE_ALTITUDE"}, {"wp_name": "Waypoint 8", "lat": "545234.3128", "lon": "-1172835.6808", "alt": 34000, "phase": "CRUISE"}, {"wp_name": "Waypoint 9", "lat": "703809.3048", "lon": "-985622.6716", "alt": 34000, "phase": "CRUISE"}, {"wp_name": "Waypoint 10", "lat": "782205.9196", "lon": "-721526.4744", "alt": 34000, "phase": "CRUISE"}, {"wp_name": "Waypoint 11", "lat": "782204.5186", "lon": "-204606.711", "alt": 34000, "phase": "CRUISE"}, {"wp_name": "Waypoint 12", "lat": "695229.3766", "lon": "244820.5272", "alt": 34000, "phase": "CRUISE"}, {"wp_name": "Waypoint 13", "lat": "552439.1458", "lon": "393225.407", "alt": 34000, "phase": "CRUISE"}, {"wp_name": "Waypoint 14", "lat": "424629.0886", "lon": "470928.1016", "alt": 34000, "phase": "CRUISE"}, {"wp_name": "Waypoint 15", "lat": "351008.3166", "lon": "504956.2296", "alt": 34000, "phase": "CRUISE"}, {"wp_name": "Waypoint 16", "lat": "281354.8076", "lon": "534327.426", "alt": 23000, "phase": "INITIAL_DESCENT"}, {"wp_name": "Waypoint 17", "lat": "265124.4188", "lon": "542549.1082", "alt": 14000, "phase": "APPROACH"}, {"wp_name": "Waypoint 18", "lat": "263224.9", "lon": "543438.0994", "alt": 9500, "phase": "APPROACH"}, {"wp_name": "Waypoint 19", "lat": "260217.0946", "lon": "544811.7426", "alt": 5500, "phase": "FINAL_APPROACH"}, {"wp_name": "Waypoint 20", "lat": "251902.37", "lon": "551453.9514", "alt": 3000, "phase": "FINAL_APPROACH"}, {"wp_name": "Waypoint 21", "lat": "251643.4742", "lon": "551858.086", "alt": 1500, "phase": "FINAL_APPROACH"}, {"wp_name": "Waypoint 22", "lat": "251509.7266", "lon": "552152.6566", "alt": 62.0, "phase": "FINAL_APPROACH"}>.RW<>.<>.{"ap_code": "OMDB", "ap_name": "Dubai International Airport", "lat": "251523.3064", "lon": "552149.8564", "alt": 62.0}
