TRACK_TIME 1121238067
TRACK SWA1897 SA 373716.9212 -1222324.2088 0 0.13 28
    FP_ROUTE {"ap_code": "KSFO", "ap_name": "San Francisco International Airport", "lat": "373642.4362", "lon": "-1222130.6102", "alt": 13.0}.<{"type": "gate", "lat": "373716.9212", "lon": "-1222324.2088", "alt": 13.0}, {"type": "ramp", "lat": "373719.4052", "lon": "-1222322.7652", "alt": 13.0}, {"type": "taxiway", "lat": "373721.5184", "lon": "-1222322.7724", "alt": 13.0}, {"type": "taxiway", "lat": "373721", "lon": "-1222319.6908", "alt": 13.0}, {"type": "taxiway", "lat": "373720.5032", "lon": "-1222318.528", "alt": 13.0}, {"type": "taxiway", "lat": "373715.5388", "lon": "-1222306.7164", "alt": 13.0}, {"type": "taxiway", "lat": "373714.9808", "lon": "-1222305.3196", "alt": 13.0}, {"type": "taxiway", "lat": "373713.0944", "lon": "-1222300.7728", "alt": 13.0}, {"type": "taxiway", "lat": "373711.0856", "lon": "-1222255.8084", "alt": 13.0}, {"type": "taxiway", "lat": "373708.1552", "lon": "-1222249.2276", "alt": 13.0}, {"type": "taxiway", "lat": "373707.446", "lon": "-1222245.4404", "alt": 13.0}, {"type": "taxiway", "lat": "373705.2212", "lon": "-1222241.0088", "alt": 13.0}, {"type": "taxiway", "lat": "373704.332", "lon": "-1222238.1972", "alt": 13.0}, {"type": "taxiway", "lat": "373703.4284", "lon": "-1222235.3532", "alt": 13.0}, {"type": "taxiway", "lat": "373702.55", "lon": "-1222232.4732", "alt": 13.0}, {"type": "taxiway", "lat": "373701.5384", "lon": "-1222229.5428", "alt": 13.0}, {"type": "taxiway", "lat": "373700.3972", "lon": "-1222226.832", "alt": 13.0}, {"type": "taxiway", "lat": "373659.2668", "lon": "-1222224.1104", "alt": 13.0}, {"type": "taxiway", "lat": "373658.0716", "lon": "-1222221.3348", "alt": 13.0}, {"type": "taxiway", "lat": "373656.6316", "lon": "-1222217.9472", "alt": 13.0}, {"type": "taxiway", "lat": "373653.424", "lon": "-1222210.1928", "alt": 13.0}, {"type": "taxiway", "lat": "373649.3956", "lon": "-1222204.3608", "alt": 13.0}, {"type": "taxiway", "lat": "373637.4976", "lon": "-1222136.1692", "alt": 13.0}, {"type": "taxiway", "lat": "373638.2536", "lon": "-1222133.4116", "alt": 13.0}, {"type": "taxiway", "lat": "373640.23", "lon": "-1222132.04", "alt": 13.0}, {"type": "runway", "lat": "373642.4368", "lon": "-1222130.6108", "alt": 13.0}>.RW<{"lat": "373642.4362", "lon": "-1222130.6102"}, {"lat": "373741.8728", "lon": "-1222332.3016"}>.<{"wp_name": "Waypoint 1", "lat": "373741.8728", "lon": "-1222332.3016", "alt": 13.0, "phase": "TAKEOFF"}, {"wp_name": "Waypoint 2", "lat": "373810.086", "lon": "-1222459.4972", "alt": 800.0, "phase": "CLIMBOUT"}, {"wp_name": "Waypoint 3", "lat": "372923.2296", "lon": "-1222828.4802", "alt": 10000.0, "phase": "CLIMB_TO_CRUISE_ALTITUDE"}, {"wp_name": "Waypoint 4", "lat": "371143.3464", "lon": "-1220107.701", "alt": 33000.0, "phase": "CRUISE"}, {"wp_name": "Waypoint 5", "lat": "362914.949", "lon": "-1205652.2882", "alt": 33000.0, "phase": "CRUISE"}, {"wp_name": "Waypoint 6", "lat": "355051.3888", "lon": "-1200001.7094", "alt": 33000.0, "phase": "CRUISE"}, {"wp_name": "Waypoint 7", "lat": "342520.7798", "lon": "-1180133.0702", "alt": 33000.0, "phase": "CRUISE"}, {"wp_name": "Waypoint 8", "lat": "333545.8298", "lon": "-1144540.5792", "alt": 33000.0, "phase": "CRUISE"}, {"wp_name": "Waypoint 9", "lat": "333041.5152", "lon": "-1141941.0844", "alt": 33000.0, "phase": "INITIAL_DESCENT"}, {"wp_name": "Waypoint 10", "lat": "332745.7986", "lon": "-1140454.4002", "alt": 25000.0, "phase": "INITIAL_DESCENT"}, {"wp_name": "Waypoint 11", "lat": "332607.9002", "lon": "-1135646.5102", "alt": 24000.0, "phase": "APPROACH"}, {"wp_name": "Waypoint 12", "lat": "332014.0712", "lon": "-1132738.7216", "alt": 22000.0, "phase": "APPROACH"}, {"wp_name": "Waypoint 13", "lat": "331750.5896", "lon": "-1131349.0686", "alt": 19370.0, "phase": "APPROACH"}, {"wp_name": "Waypoint 14", "lat": "331627.5016", "lon": "-1130410.8186", "alt": 17000.0, "phase": "APPROACH"}, {"wp_name": "Waypoint 15", "lat": "331649.7886", "lon": "-1124917.7486", "alt": 14000.0, "phase": "APPROACH"}, {"wp_name": "Waypoint 16", "lat": "331946.8804", "lon": "-1124124.9612", "alt": 11000.0, "phase": "APPROACH"}, {"wp_name": "Waypoint 17", "lat": "332406.8178", "lon": "-1123003.4482", "alt": 8500.0, "phase": "APPROACH"}, {"wp_name": "Waypoint 18", "lat": "332542.4302", "lon": "-1122531.3998", "alt": 7000.0, "phase": "APPROACH"}, {"wp_name": "Waypoint 19", "lat": "332543.0278", "lon": "-1122115.4578", "alt": 6000.0, "phase": "APPROACH"}, {"wp_name": "Waypoint 20", "lat": "332543.4784", "lon": "-1121658.0908", "alt": 5000.0, "phase": "APPROACH"}, {"wp_name": "Waypoint 21", "lat": "332551.7182", "lon": "-1121224.9588", "alt": 4000.0, "phase": "APPROACH"}, {"wp_name": "Waypoint 22", "lat": "332543.7916", "lon": "-1121240.719", "alt": 3500.0, "phase": "APPROACH"}, {"wp_name": "Waypoint 23", "lat": "332543.8816", "lon": "-1120830.0696", "alt": 3000.0, "phase": "FINAL_APPROACH"}, {"wp_name": "Waypoint 24", "lat": "332543.8882", "lon": "-1120137.5702", "alt": 1168.0, "phase": "FINAL_APPROACH"}>.RW<{"lat": "332543.8882", "lon": "-1120137.5702"}, {"lat": "332543.8204", "lon": "-1120006.3324"}>.<{"type": "runway", "lat": "332543.8168", "lon": "-1120019.0152", "alt": 1168.0}, {"type": "taxiway", "lat": "332546.668", "lon": "-1120017.0208", "alt": 1168.0}, {"type": "taxiway", "lat": "332547.7876", "lon": "-1120016.38", "alt": 1168.0}, {"type": "taxiway", "lat": "332547.7984", "lon": "-1120010.5552", "alt": 1168.0}, {"type": "taxiway", "lat": "332547.784", "lon": "-1120006.4188", "alt": 1168.0}, {"type": "taxiway", "lat": "332547.7804", "lon": "-1115958.02", "alt": 1168.0}, {"type": "taxiway", "lat": "332547.7624", "lon": "-1115941.2404", "alt": 1168.0}, {"type": "taxiway", "lat": "332548.8568", "lon": "-1115936.4812", "alt": 1168.0}, {"type": "taxiway", "lat": "332551.7044", "lon": "-1115936.4992", "alt": 1168.0}, {"type": "taxiway", "lat": "332554.5736", "lon": "-1115936.4524", "alt": 1168.0}, {"type": "taxiway", "lat": "332555.6824", "lon": "-1115936.4812", "alt": 1168.0}, {"type": "taxiway", "lat": "332556.8632", "lon": "-1115936.4308", "alt": 1168.0}, {"type": "ramp", "lat": "332558.1664", "lon": "-1115935.2716", "alt": 1168.0}, {"type": "ramp", "lat": "332559.43", "lon": "-1115935.0664", "alt": 1168.0}, {"type": "gate", "lat": "332601.572", "lon": "-1115937.6692", "alt": 1168.0}>.{"ap_code": "KPHX", "ap_name": "Phoenix Sky Harbor International Airport", "lat": "332610.7", "lon": "-1120028.0", "alt": 1168.0}

